# ENERGY :2217.000 MeV
#  angle   q   q_eff  sigma_mott      sigma/     dsigma/   dsigma/    sigma      falt.coeff.   testfal
#                                   sigma_mott      de     dtheta
# [deg]  [fm-1][fm-1] [fm^2/sr]                  [%/mev]  [%/deg]   [fm^2/sr]
  5.500 1.078 1.080  0.71410E+00  0.83451E-01    -0.33  -169.23   0.67666E-01       1.13549       1.14167
  5.600 1.097 1.099  0.66440E+00  0.75691E-01    -0.34  -170.24   0.57183E-01       1.13707       1.14328
  5.700 1.117 1.119  0.61895E+00  0.68493E-01    -0.35  -171.35   0.48279E-01       1.13882       1.14507
  5.800 1.136 1.139  0.57732E+00  0.61832E-01    -0.36  -172.55   0.40721E-01       1.14074       1.14705
  5.900 1.156 1.158  0.53913E+00  0.55683E-01    -0.37  -173.85   0.34308E-01       1.14283       1.14921
  6.000 1.175 1.178  0.50404E+00  0.50020E-01    -0.38  -175.25   0.28870E-01       1.14510       1.15158
  6.100 1.195 1.197  0.47176E+00  0.44818E-01    -0.40  -176.75   0.24263E-01       1.14756       1.15415
  6.200 1.215 1.217  0.44202E+00  0.40052E-01    -0.41  -178.36   0.20363E-01       1.15022       1.15693
  6.300 1.234 1.237  0.41459E+00  0.35696E-01    -0.42  -180.09   0.17065E-01       1.15309       1.15994
  6.400 1.254 1.256  0.38925E+00  0.31724E-01    -0.43  -181.94   0.14277E-01       1.15617       1.16319
  6.500 1.273 1.276  0.36582E+00  0.28114E-01    -0.45  -183.91   0.11925E-01       1.15950       1.16670
  6.600 1.293 1.295  0.34412E+00  0.24840E-01    -0.46  -186.02   0.99420E-02       1.16308       1.17049
  6.700 1.312 1.315  0.32401E+00  0.21879E-01    -0.48  -188.28   0.82725E-02       1.16693       1.17458
  6.800 1.332 1.335  0.30534E+00  0.19210E-01    -0.49  -190.70   0.68691E-02       1.17109       1.17900
  6.900 1.351 1.354  0.28800E+00  0.16809E-01    -0.51  -193.29   0.56910E-02       1.17559       1.18378
  7.000 1.371 1.374  0.27187E+00  0.14656E-01    -0.53  -196.07   0.47037E-02       1.18045       1.18897
  7.100 1.390 1.393  0.25686E+00  0.12732E-01    -0.55  -199.07   0.38778E-02       1.18573       1.19460
  7.200 1.410 1.413  0.24286E+00  0.11018E-01    -0.57  -202.30   0.31881E-02       1.19147       1.20074
  7.300 1.429 1.432  0.22981E+00  0.94946E-02    -0.59  -205.80   0.26134E-02       1.19774       1.20745
  7.400 1.449 1.452  0.21762E+00  0.81462E-02    -0.61  -209.60   0.21355E-02       1.20461       1.21482
  7.500 1.468 1.472  0.20622E+00  0.69566E-02    -0.63  -213.73   0.17390E-02       1.21217       1.22293
  7.600 1.488 1.491  0.19557E+00  0.59109E-02    -0.66  -218.25   0.14109E-02       1.22054       1.23192
  7.700 1.508 1.511  0.18559E+00  0.49952E-02    -0.68  -223.22   0.11401E-02       1.22984       1.24194
  7.800 1.527 1.530  0.17624E+00  0.41965E-02    -0.71  -228.70   0.91726E-03       1.24025       1.25316
  7.900 1.547 1.550  0.16747E+00  0.35030E-02    -0.75  -234.77   0.73446E-03       1.25199       1.26582
  8.000 1.566 1.569  0.15923E+00  0.29035E-02    -0.78  -241.55   0.58501E-03       1.26532       1.28023
  8.100 1.586 1.589  0.15150E+00  0.23879E-02    -0.82  -249.16   0.46329E-03       1.28061       1.29676
  8.200 1.605 1.608  0.14423E+00  0.19469E-02    -0.86  -257.75   0.36456E-03       1.29829       1.31592
  8.300 1.625 1.628  0.13739E+00  0.15719E-02    -0.91  -267.53   0.28486E-03       1.31899       1.33837
  8.400 1.644 1.647  0.13095E+00  0.12552E-02    -0.97  -278.74   0.22083E-03       1.34352       1.36502
  8.500 1.664 1.667  0.12489E+00  0.98970E-03    -1.03  -291.69   0.16971E-03       1.37300       1.39709
  8.600 1.683 1.687  0.11917E+00  0.76912E-03    -1.10  -306.78   0.12914E-03       1.40898       1.43632
  8.700 1.703 1.706  0.11377E+00  0.58769E-03    -1.18  -324.49   0.97199E-04       1.45372       1.48519
  8.800 1.722 1.726  0.10868E+00  0.44025E-03    -1.28  -345.40   0.72270E-04       1.51047       1.54732
  8.900 1.741 1.745  0.10386E+00  0.32222E-03    -1.40  -370.12   0.53015E-04       1.58409       1.62814
  9.000 1.761 1.765  0.99315E-01  0.22947E-03    -1.53  -399.09   0.38330E-04       1.68188       1.73585
  9.100 1.780 1.784  0.95012E-01  0.15836E-03    -1.68  -431.79   0.27303E-04       1.81467       1.88269
  9.200 1.800 1.804  0.90938E-01  0.10566E-03    -1.84  -464.56   0.19188E-04       1.99700       2.08542
  9.300 1.819 1.823  0.87081E-01  0.68510E-04    -1.94  -484.37   0.13370E-04       2.24099       2.35886
  9.400 1.839 1.843  0.83425E-01  0.44414E-04    -1.84  -455.28   0.93495E-05       2.52329       2.67991
  9.500 1.858 1.862  0.79959E-01  0.31175E-04    -1.26  -313.97   0.67215E-05       2.69648       2.88801
  9.600 1.878 1.882  0.76671E-01  0.26876E-04    -0.16   -56.77   0.51573E-05       2.50286       2.69285
  9.700 1.897 1.901  0.73550E-01  0.29852E-04     0.81   163.54   0.43930E-05       2.00079       2.14647
  9.800 1.917 1.921  0.70586E-01  0.38662E-04     1.20   251.25   0.42172E-05       1.54533       1.64073
  9.900 1.936 1.940  0.67770E-01  0.52060E-04     1.22   253.80   0.44621E-05       1.26475       1.32455
 10.000 1.956 1.960  0.65092E-01  0.68976E-04     1.11   226.04   0.49954E-05       1.11261       1.15053
 10.100 1.975 1.979  0.62545E-01  0.88494E-04     0.97   192.48   0.57136E-05       1.03228       1.05698
 10.200 1.994 1.999  0.60121E-01  0.10983E-03     0.83   161.14   0.65366E-05       0.98990       1.00643
 10.300 2.014 2.018  0.57814E-01  0.13233E-03     0.71   133.93   0.74033E-05       0.96772       0.97904
 10.400 2.033 2.038  0.55616E-01  0.15541E-03     0.61   110.83   0.82679E-05       0.95655       0.96445
 10.500 2.053 2.057  0.53521E-01  0.17862E-03     0.52    91.28   0.90967E-05       0.95153       0.95712
 10.600 2.072 2.077  0.51524E-01  0.20156E-03     0.45    74.66   0.98654E-05       0.94998       0.95397
 10.700 2.092 2.096  0.49618E-01  0.22388E-03     0.38    60.42   0.10558E-04       0.95041       0.95328
 10.800 2.111 2.115  0.47800E-01  0.24532E-03     0.33    48.11   0.11163E-04       0.95196       0.95402
 10.900 2.130 2.135  0.46065E-01  0.26565E-03     0.27    37.37   0.11675E-04       0.95410       0.95558
 11.000 2.150 2.154  0.44407E-01  0.28468E-03     0.23    27.90   0.12092E-04       0.95655       0.95760
 11.100 2.169 2.174  0.42823E-01  0.30226E-03     0.19    19.48   0.12414E-04       0.95911       0.95985
 11.200 2.189 2.193  0.41309E-01  0.31828E-03     0.15    11.91   0.12644E-04       0.96168       0.96219
 11.300 2.208 2.213  0.39861E-01  0.33263E-03     0.12     5.03   0.12784E-04       0.96420       0.96454
 11.400 2.228 2.232  0.38476E-01  0.34524E-03     0.08    -1.26   0.12840E-04       0.96664       0.96685
 11.500 2.247 2.252  0.37150E-01  0.35606E-03     0.05    -7.08   0.12817E-04       0.96898       0.96910
 11.600 2.266 2.271  0.35881E-01  0.36505E-03     0.03   -12.52   0.12721E-04       0.97123       0.97128
 11.700 2.286 2.290  0.34665E-01  0.37218E-03     0.00   -17.64   0.12559E-04       0.97339       0.97339
 11.800 2.305 2.310  0.33501E-01  0.37746E-03    -0.03   -22.51   0.12335E-04       0.97547       0.97544
 11.900 2.324 2.329  0.32384E-01  0.38088E-03    -0.06   -27.19   0.12057E-04       0.97749       0.97743
 12.000 2.344 2.349  0.31314E-01  0.38247E-03    -0.08   -31.71   0.11731E-04       0.97947       0.97938
 12.100 2.363 2.368  0.30288E-01  0.38224E-03    -0.11   -36.13   0.11362E-04       0.98141       0.98132
 12.200 2.383 2.388  0.29303E-01  0.38023E-03    -0.13   -40.48   0.10956E-04       0.98335       0.98324
 12.300 2.402 2.407  0.28358E-01  0.37650E-03    -0.16   -44.80   0.10520E-04       0.98531       0.98518
 12.400 2.421 2.426  0.27450E-01  0.37111E-03    -0.18   -49.11   0.10058E-04       0.98730       0.98716
 12.500 2.441 2.446  0.26579E-01  0.36412E-03    -0.21   -53.45   0.95748E-05       0.98935       0.98920
 12.600 2.460 2.465  0.25741E-01  0.35562E-03    -0.24   -57.85   0.90761E-05       0.99149       0.99133
 12.700 2.479 2.485  0.24936E-01  0.34569E-03    -0.27   -62.33   0.85662E-05       0.99374       0.99356
 12.800 2.499 2.504  0.24163E-01  0.33443E-03    -0.30   -66.93   0.80496E-05       0.99614       0.99594
 12.900 2.518 2.523  0.23419E-01  0.32196E-03    -0.33   -71.66   0.75302E-05       0.99871       0.99849
 13.000 2.537 2.543  0.22703E-01  0.30839E-03    -0.36   -76.57   0.70119E-05       1.00150       1.00125
 13.100 2.557 2.562  0.22015E-01  0.29384E-03    -0.39   -81.68   0.64983E-05       1.00455       1.00426
 13.200 2.576 2.581  0.21352E-01  0.27846E-03    -0.43   -87.04   0.59926E-05       1.00790       1.00757
 13.300 2.595 2.601  0.20714E-01  0.26237E-03    -0.47   -92.67   0.54979E-05       1.01161       1.01123
 13.400 2.615 2.620  0.20100E-01  0.24573E-03    -0.51   -98.64   0.50170E-05       1.01575       1.01532
 13.500 2.634 2.639  0.19508E-01  0.22869E-03    -0.55  -104.97   0.45523E-05       1.02041       1.01991
 13.600 2.653 2.659  0.18938E-01  0.21139E-03    -0.60  -111.75   0.41060E-05       1.02567       1.02510
 13.700 2.673 2.678  0.18388E-01  0.19399E-03    -0.65  -119.03   0.36801E-05       1.03165       1.03100
 13.800 2.692 2.698  0.17858E-01  0.17665E-03    -0.70  -126.91   0.32761E-05       1.03852       1.03776
 13.900 2.711 2.717  0.17347E-01  0.15950E-03    -0.76  -135.48   0.28954E-05       1.04644       1.04558
 14.000 2.731 2.736  0.16854E-01  0.14271E-03    -0.83  -144.88   0.25391E-05       1.05568       1.05469
 14.100 2.750 2.756  0.16378E-01  0.12640E-03    -0.90  -155.26   0.22080E-05       1.06655       1.06540
 14.200 2.769 2.775  0.15919E-01  0.11071E-03    -0.98  -166.83   0.19025E-05       1.07946       1.07815
 14.300 2.788 2.794  0.15476E-01  0.95770E-04    -1.07  -179.86   0.16230E-05       1.09501       1.09350
 14.400 2.808 2.814  0.15048E-01  0.81686E-04    -1.18  -194.68   0.13694E-05       1.11400       1.11225
 14.500 2.827 2.833  0.14635E-01  0.68560E-04    -1.30  -211.79   0.11414E-05       1.13758       1.13557
 14.600 2.846 2.852  0.14236E-01  0.56477E-04    -1.44  -231.82   0.93865E-06       1.16748       1.16514
 14.700 2.866 2.871  0.13850E-01  0.45508E-04    -1.61  -255.71   0.76034E-06       1.20631       1.20360
 14.800 2.885 2.891  0.13478E-01  0.35709E-04    -1.82  -284.83   0.60559E-06       1.25830       1.25514
 14.900 2.904 2.910  0.13117E-01  0.27118E-04    -2.08  -321.27   0.47331E-06       1.33061       1.32689
 15.000 2.923 2.929  0.12769E-01  0.19754E-04    -2.41  -368.41   0.36226E-06       1.43620       1.43182
 15.100 2.943 2.949  0.12432E-01  0.13621E-04    -2.86  -432.02   0.27106E-06       1.60074       1.59556
 15.200 2.962 2.968  0.12106E-01  0.87034E-05    -3.51  -522.70   0.19820E-06       1.88116       1.87505
 15.300 2.981 2.987  0.11790E-01  0.49699E-05    -4.49  -661.43   0.14212E-06       2.42537       2.41842
 15.400 3.000 3.006  0.11485E-01  0.23717E-05    -6.12  -890.77   0.10115E-06       3.71355       3.70722
 15.500 3.019 3.026  0.11190E-01  0.84483E-06    -8.53 -1228.78   0.73619E-07       7.78754       7.79369
